PF02365.15	0	""
PF05970.14	0	""
PF02668.16	0	""
PF02668.16	0	""
PF02668.16	0	""
PF00078.27	0	""
PF17919.1	0	""
PF00612.27	0	""
PF13178.6	0	""
PF07727.14	0	""
PF13456.6	0	""
PF00249.31	0	""
PF00078.27	0	""
PF00665.26	0	""
PF07727.14	0	""
PF13966.6	0	""
PF00390.19	0	""
PF03949.15	0	""
PF03949.15	0	""
PF03949.15	0	""
PF00400.32	0	""
PF00400.32	0	""
PF00400.32	0	""
PF00400.32	0	""
PF00400.32	0	""
PF00190.22	0	""
PF12460.8	0	""
PF03985.13	0	""
PF03985.13	0	""
PF00067.22	0	""
PF00067.22	0	""
PF12738.7	0	""
PF00067.22	0	""
PF13966.6	0	""
PF00078.27	0	""
PF03195.14	0	""
PF00013.29	0	""
PF00013.29	0	""
PF00013.29	0	""
PF00013.29	0	""
PF13599.6	0	""
PF00069.25	0	""
PF12338.8	0	""
PF00101.20	0	""
PF14223.6	0	""
PF07727.14	0	""
PF08423.11	0	""
PF00078.27	0	""
PF14223.6	0	""
PF10551.9	0	""
PF06839.12	0	""
PF08423.11	0	""
PF08284.11	0	""
PF00078.27	0	""
PF07727.14	0	""
PF14244.6	0	""
PF14223.6	0	""
PF13976.6	0	""
PF00665.26	0	""
PF07727.14	0	""
PF07727.14	0	""
PF03101.15	1	Signal
PF08284.11	0	""
PF17917.1	0	""
PF17921.1	0	""
PF00665.26	0	""
PF01398.21	1	Signal
PF17917.1	0	""
PF13456.6	0	""
PF07727.14	0	""
PF11976.8	0	""
PF03732.17	0	""
PF08284.11	0	""
PF17921.1	0	""
PF03101.15	1	Signal
PF10551.9	0	""
PF10551.9	0	""
PF02362.21	0	""
PF01398.21	1	Signal
PF18323.1	1	Signal
PF02458.15	0	""
PF03732.17	0	""
PF12171.8	0	""
PF12756.7	0	""
PF17921.1	0	""
PF00665.26	0	""
PF12756.7	0	""
PF00282.19	0	""
PF04195.12	0	""
PF03078.15	0	""
PF00282.19	0	""
PF13650.6	0	""
PF00078.27	0	""
PF00160.21	1	Signal
PF07231.12	4	ResistanceNematode
PF07014.12	4	ResistanceNematode
PF13456.6	0	""
PF00665.26	0	""
PF07727.14	0	""
PF07727.14	0	""
PF00665.26	0	""
PF07727.14	0	""
PF00232.18	0	""
PF00153.27	0	""
PF00153.27	0	""
PF00078.27	0	""
PF17919.1	0	""
PF03732.17	0	""
PF17917.1	0	""
PF13456.6	0	""
PF00230.20	0	""
PF00230.20	0	""
PF00230.20	0	""
PF04752.12	0	""
PF04827.14	0	""
PF04827.14	0	""
PF00227.26	0	""
PF07727.14	0	""
PF13966.6	0	""
PF13456.6	0	""
PF14223.6	0	""
PF13976.6	0	""
PF00665.26	0	""
PF14244.6	0	""
PF14223.6	0	""
PF00421.19	0	""
PF00153.27	0	""
PF17921.1	0	""
PF00665.26	0	""
PF00665.26	0	""
PF00230.20	0	""
PF02326.15	0	""
PF04752.12	0	""
PF07727.14	0	""
PF07727.14	0	""
PF00098.23	0	""
PF13976.6	0	""
PF14244.6	0	""
PF00450.22	0	""
PF03732.17	0	""
PF13650.6	0	""
PF03078.15	0	""
PF00009.27	0	""
PF02798.20	0	""
PF00043.25	0	""
PF02798.20	0	""
PF14223.6	0	""
PF00665.26	0	""
PF07727.14	0	""
PF14111.6	0	""
PF00078.27	0	""
PF05405.14	0	""
PF01277.17	0	""
PF09258.10	0	""
PF09258.10	0	""
PF09258.10	0	""
PF00282.19	0	""
PF03144.25	0	""
PF04195.12	0	""
PF00665.26	0	""
PF00043.25	0	""
PF00249.31	0	""
PF02721.14	0	""
PF03372.23	1	Signal
PF09258.10	0	""
PF09173.11	0	""
PF04833.15	0	""
PF00043.25	0	""
PF07727.14	0	""
PF02798.20	0	""
PF14223.6	0	""
PF07727.14	0	""
PF14111.6	0	""
PF14392.6	0	""
PF14111.6	0	""
PF13966.6	0	""
PF13456.6	0	""
PF02485.21	0	""
PF07859.13	0	""
PF00270.29	0	""
PF00271.31	0	""
PF07727.14	0	""
PF00139.19	0	""
PF00270.29	0	""
PF12776.7	0	""
PF00139.19	0	""
PF00069.25	0	""
PF01472.20	0	""
PF01189.17	0	""
PF01189.17	0	""
PF00643.24	0	""
PF05183.12	0	""
PF04640.14	0	""
PF05183.12	0	""
PF00407.19	0	""
PF02005.16	0	""
PF00407.19	0	""
PF02005.16	0	""
PF02005.16	0	""
PF02005.16	0	""
PF05699.14	0	""
PF12678.7	0	""
PF02005.16	0	""
PF02005.16	0	""
PF03214.13	0	""
PF00101.20	0	""
PF00238.19	0	""
PF12146.8	0	""
PF01535.20	0	""
PF01535.20	0	""
PF01535.20	0	""
PF14432.6	0	""
PF04720.12	0	""
PF00407.19	0	""
PF00407.19	0	""
PF03214.13	0	""
PF03214.13	0	""
PF00407.19	0	""
PF00407.19	0	""
PF00407.19	0	""
PF03214.13	0	""
PF12338.8	0	""
PF00101.20	0	""
PF12146.8	0	""
PF00407.19	0	""
PF05553.11	0	""
PF00400.32	0	""
PF13976.6	0	""
PF00665.26	0	""
PF14223.6	0	""
PF07727.14	0	""
PF00098.23	0	""
PF04935.12	0	""
PF06480.15	0	""
PF14214.6	0	""
PF14214.6	0	""
PF05970.14	0	""
PF07727.14	0	""
PF02854.19	0	""
PF02854.19	0	""
PF04050.14	1	Signal
PF07714.17	0	""
PF07714.17	0	""
PF13041.6	0	""
PF13456.6	0	""
PF05970.14	0	""
PF05970.14	0	""
PF07727.14	0	""
PF02854.19	0	""
PF05208.13	0	""
PF05208.13	0	""
PF00574.23	0	""
PF13839.6	3	ResistanceSignal
PF03639.13	0	""
PF17652.1	0	""
PF03639.13	0	""
PF17652.1	0	""
PF00078.27	0	""
PF17921.1	0	""
PF13966.6	0	""
PF15459.6	0	""
PF14214.6	0	""
PF02854.19	0	""
PF05208.13	0	""
PF05208.13	0	""
PF13456.6	0	""
PF00574.23	0	""
PF14416.6	0	""
PF13839.6	3	ResistanceSignal
PF13839.6	3	ResistanceSignal
PF14416.6	0	""
PF13839.6	3	ResistanceSignal
PF01536.16	0	""
PF02992.14	0	""
PF02992.14	0	""
PF13960.6	0	""
PF05553.11	0	""
PF10258.9	0	""
PF00566.18	0	""
PF08132.11	0	""
PF02671.21	0	""
PF13963.6	0	""
PF13962.6	0	""
PF03732.17	0	""
PF00566.18	0	""
PF00566.18	0	""
PF07716.15	0	""
PF13960.6	0	""
PF13962.6	0	""
PF12796.7	0	""
PF12796.7	0	""
PF13650.6	0	""
PF03732.17	0	""
PF00098.23	0	""
PF03732.17	0	""
PF00098.23	0	""
PF00078.27	0	""
PF17921.1	0	""
PF00665.26	0	""
PF00078.27	0	""
PF17917.1	0	""
PF02785.19	0	""
PF03732.17	0	""
PF14111.6	0	""
PF07047.12	0	""
PF00078.27	0	""
PF00078.27	0	""
PF13966.6	0	""
PF04195.12	0	""
PF03634.13	0	""
PF00078.27	0	""
PF07727.14	0	""
PF00642.24	0	""
PF00642.24	0	""
PF13976.6	0	""
PF00665.26	0	""
PF07727.14	0	""
PF13966.6	0	""
PF13456.6	0	""
PF17917.1	0	""
PF13456.6	0	""
PF17921.1	0	""
PF00665.26	0	""
PF07727.14	0	""
PF14009.6	0	""
PF14223.6	0	""
PF13976.6	0	""
PF00665.26	0	""
PF07727.14	0	""
PF02786.17	0	""
PF06839.12	0	""
PF16906.5	0	""
PF00467.29	0	""
PF03732.17	0	""
PF03393.16	0	""
PF07727.14	0	""
PF03101.15	1	Signal
PF13976.6	0	""
PF14223.6	0	""
PF07727.14	0	""
PF14111.6	0	""
PF14111.6	0	""
PF14392.6	0	""
PF03732.17	0	""
PF13976.6	0	""
PF00289.22	0	""
PF00289.22	0	""
PF02786.17	0	""
PF14111.6	0	""
PF00078.27	0	""
PF00078.27	0	""
PF14244.6	0	""
PF07727.14	0	""
PF07522.14	0	""
PF00646.33	0	""
PF08387.10	0	""
PF02775.21	0	""
PF14111.6	0	""
PF04679.15	0	""
PF02776.18	0	""
PF00205.22	0	""
PF02775.21	0	""
PF14244.6	0	""
PF03732.17	0	""
PF00665.26	0	""
PF07727.14	0	""
PF07727.14	0	""
PF14392.6	0	""
PF00564.24	1	Signal
PF03732.17	0	""
PF13976.6	0	""
PF00665.26	0	""
PF14223.6	0	""
PF00078.27	0	""
PF13966.6	0	""
PF01068.21	0	""
PF14380.6	0	""
PF00069.25	0	""
PF03108.15	0	""
PF10551.9	0	""
PF04434.17	0	""
PF07727.14	0	""
PF00078.27	0	""
PF13966.6	0	""
PF07727.14	0	""
PF14580.6	0	""
PF04434.17	0	""
PF02365.15	0	""
PF17919.1	0	""
PF00078.27	0	""
PF17919.1	0	""
PF00454.27	1	Signal
PF13456.6	0	""
PF13976.6	0	""
PF14580.6	0	""
PF14580.6	0	""
PF13365.6	0	""
PF10536.9	0	""
PF17919.1	0	""
PF03732.17	0	""
PF13456.6	0	""
PF00665.26	0	""
PF03108.15	0	""
PF10551.9	0	""
PF03078.15	0	""
PF03108.15	0	""
PF02365.15	0	""
PF00163.19	0	""
PF01479.25	0	""
PF03732.17	0	""
PF17917.1	0	""
PF17921.1	0	""
PF00665.26	0	""
PF17921.1	0	""
PF00665.26	0	""
PF17919.1	0	""
PF13456.6	0	""
PF00665.26	0	""
PF07727.14	0	""
PF17919.1	0	""
PF13456.6	0	""
PF13976.6	0	""
PF00078.27	0	""
PF14381.6	4	ResistanceCell deathSignal
PF14381.6	4	ResistanceCell deathSignal
PF13966.6	0	""
PF00248.21	0	""
PF03732.17	0	""
PF17919.1	0	""
PF07727.14	0	""
PF14244.6	0	""
PF04195.12	0	""
PF14223.6	0	""
PF07727.14	0	""
PF07727.14	0	""
PF13966.6	0	""
PF14291.6	0	""
PF05699.14	0	""
PF07714.17	0	""
PF14244.6	0	""
PF14223.6	0	""
PF13976.6	0	""
PF00665.26	0	""
PF07727.14	0	""
PF07714.17	0	""
PF14223.6	0	""
PF05608.12	0	""
PF01694.22	0	""
PF03078.15	0	""
PF00078.27	0	""
PF00665.26	0	""
PF00078.27	0	""
PF17919.1	0	""
PF17921.1	0	""
PF14244.6	0	""
PF00665.26	0	""
PF00665.26	0	""
PF07727.14	0	""
PF00665.26	0	""
PF14291.6	0	""
PF06799.11	0	""
PF05608.12	0	""
PF07795.11	0	""
PF00078.27	0	""
PF17917.1	0	""
PF17921.1	0	""
PF00078.27	0	""
PF13966.6	0	""
PF13456.6	0	""
PF13456.6	0	""
PF00665.26	0	""
PF13405.6	0	""
PF00415.18	0	""
PF07575.13	0	""
PF07575.13	0	""
PF01490.18	2	Resistance
PF07575.13	0	""
PF02485.21	0	""
PF05664.11	0	""
PF05664.11	0	""
PF14244.6	0	""
PF13976.6	0	""
PF07727.14	0	""
PF05664.11	0	""
PF00665.26	0	""
PF07727.14	0	""
PF00665.26	0	""
PF07727.14	0	""
PF00665.26	0	""
PF07727.14	0	""
PF07727.14	0	""
PF07727.14	0	""
PF05695.12	0	""
PF05695.12	0	""
PF05695.12	0	""
PF05695.12	0	""
PF00078.27	0	""
PF17917.1	0	""
PF00665.26	0	""
PF03732.17	0	""
PF00098.23	0	""
PF08284.11	0	""
PF00078.27	0	""
PF07727.14	0	""
PF07727.14	0	""
PF02365.15	0	""
PF04827.14	0	""
PF04827.14	0	""
PF05695.12	0	""
PF05695.12	0	""
PF05695.12	0	""
PF05695.12	0	""
PF05695.12	0	""
PF00940.19	0	""
PF00940.19	0	""
PF03514.14	1	Signal
PF00665.26	0	""
PF02365.15	0	""
PF04827.14	0	""
PF02535.22	0	""
PF02535.22	0	""
PF13359.6	0	""
PF14223.6	0	""
PF05695.12	0	""
PF05695.12	0	""
PF05695.12	0	""
PF05695.12	0	""
PF05695.12	0	""
PF05695.12	0	""
PF03732.17	0	""
PF00385.24	0	""
PF00940.19	0	""
PF00940.19	0	""
PF00940.19	0	""
PF13961.6	0	""
PF14223.6	0	""
PF13976.6	0	""
PF07727.14	0	""
PF07727.14	0	""
PF07727.14	0	""
PF00078.27	0	""
PF01762.21	0	""
PF00850.19	0	""
PF03732.17	0	""
PF17921.1	0	""
PF13599.6	0	""
PF14392.6	0	""
PF02784.16	0	""
PF00278.22	0	""
PF17919.1	0	""
PF00098.23	0	""
PF00078.27	0	""
PF00203.21	0	""
PF01095.19	0	""
PF00752.17	0	""
PF00752.17	0	""
PF14377.6	0	""
PF17919.1	0	""
PF07727.14	0	""
PF02784.16	0	""
PF00078.27	0	""
PF13456.6	0	""
PF17921.1	0	""
PF00665.26	0	""
PF13966.6	0	""
PF13456.6	0	""
PF00237.19	2	Resistance
PF14111.6	0	""
PF13650.6	0	""
PF00078.27	0	""
PF00385.24	0	""
PF14223.6	0	""
PF14111.6	0	""
PF00166.21	0	""
PF13976.6	0	""
PF00665.26	0	""
PF03641.14	0	""
PF03641.14	0	""
PF14111.6	0	""
PF00168.30	0	""
PF01095.19	0	""
PF01095.19	0	""
PF00867.18	0	""
PF14416.6	0	""
PF13839.6	3	ResistanceSignal
PF13839.6	3	ResistanceSignal
PF14111.6	0	""
PF00400.32	0	""
PF17921.1	0	""
PF03108.15	0	""
PF00190.22	0	""
PF08263.12	0	""
PF00069.25	0	""
PF13456.6	0	""
PF00078.27	0	""
PF04434.17	0	""
PF03478.18	0	""
PF03478.18	0	""
PF10551.9	0	""
PF13976.6	0	""
PF07727.14	0	""
PF14111.6	0	""
PF13966.6	0	""
PF07727.14	0	""
PF00078.27	0	""
PF00025.21	0	""
PF00069.25	0	""
PF00078.27	0	""
PF07727.14	0	""
PF13976.6	0	""
PF00665.26	0	""
PF07727.14	0	""
PF12274.8	0	""
PF13456.6	0	""
PF07727.14	0	""
PF07727.14	0	""
PF14223.6	0	""
PF05918.11	2	ApoptosisCell death
PF01657.17	0	""
PF01657.17	0	""
PF14500.6	0	""
PF07727.14	0	""
PF00069.25	0	""
PF07714.17	0	""
PF07714.17	0	""
PF04928.17	0	""
PF04926.15	0	""
PF00078.27	0	""
PF00349.21	0	""
PF00349.21	0	""
PF03727.16	0	""
PF03727.16	0	""
PF14111.6	0	""
PF04928.17	0	""
PF04928.17	0	""
PF04926.15	0	""
PF03727.16	0	""
PF03727.16	0	""
PF03727.16	0	""
PF03727.16	0	""
PF00349.21	0	""
PF03727.16	0	""
PF14226.6	0	""
PF04827.14	0	""
PF07727.14	0	""
PF00078.27	0	""
PF13456.6	0	""
PF03171.20	0	""
PF07727.14	0	""
PF07727.14	0	""
PF04195.12	0	""
PF02309.16	0	""
PF07727.14	0	""
PF14223.6	0	""
PF07727.14	0	""
PF14416.6	0	""
