0	1	2
PF02365.15	0	None
PF05970.14	0	None
PF02668.16	0	None
PF02668.16	0	None
PF02668.16	0	None
PF00078.27	0	None
PF17919.1	0	None
PF00612.27	0	None
PF13178.6	0	None
PF07727.14	0	None
PF13456.6	0	None
PF00249.31	0	None
PF00078.27	0	None
PF00665.26	0	None
PF07727.14	0	None
PF13966.6	0	None
PF00390.19	0	None
PF03949.15	0	None
PF03949.15	0	None
PF03949.15	0	None
PF00400.32	0	None
PF00400.32	0	None
PF00400.32	0	None
PF00400.32	0	None
PF00400.32	0	None
PF00190.22	0	None
PF12460.8	0	None
PF03985.13	0	None
PF03985.13	0	None
PF00067.22	0	None
PF00067.22	0	None
PF12738.7	0	None
PF00067.22	0	None
PF13966.6	0	None
PF00078.27	0	None
PF03195.14	0	None
PF00013.29	0	None
PF00013.29	0	None
PF00013.29	0	None
PF00013.29	0	None
PF13599.6	0	None
PF00069.25	1	Kinase, 
PF12338.8	0	None
PF00101.20	0	None
PF14223.6	0	None
PF07727.14	0	None
PF08423.11	0	None
PF00078.27	0	None
PF14223.6	0	None
PF10551.9	2	WRKY, 
PF06839.12	0	None
PF08423.11	0	None
PF08284.11	1	Protease, 
PF00078.27	0	None
PF07727.14	0	None
PF14244.6	0	None
PF14223.6	0	None
PF13976.6	0	None
PF00665.26	0	None
PF07727.14	0	None
PF07727.14	0	None
PF03101.15	3	Signal, WRKY, 
PF08284.11	1	Protease, 
PF17917.1	0	None
PF17921.1	0	None
PF00665.26	0	None
PF01398.21	2	Signal, Protease, 
PF17917.1	0	None
PF13456.6	0	None
PF07727.14	0	None
PF11976.8	0	None
PF03732.17	1	Protease, 
PF08284.11	1	Protease, 
PF17921.1	0	None
PF03101.15	3	Signal, WRKY, 
PF10551.9	2	WRKY, 
PF10551.9	2	WRKY, 
PF02362.21	0	None
PF01398.21	2	Signal, Protease, 
PF18323.1	1	Signal, 
PF02458.15	0	None
PF03732.17	1	Protease, 
PF12171.8	0	None
PF12756.7	0	None
PF17921.1	0	None
PF00665.26	0	None
PF12756.7	0	None
PF00282.19	0	None
PF04195.12	0	None
PF03078.15	0	None
PF00282.19	0	None
PF13650.6	1	Protease, 
PF00078.27	0	None
PF00160.21	1	Signal, 
PF07231.12	4	Resistance, Nematode, 
PF07014.12	4	Resistance, Nematode, 
PF13456.6	0	None
PF00665.26	0	None
PF07727.14	0	None
PF07727.14	0	None
PF00665.26	0	None
PF07727.14	0	None
PF00232.18	0	None
PF00153.27	1	Protease, 
PF00153.27	1	Protease, 
PF00078.27	0	None
PF17919.1	0	None
PF03732.17	1	Protease, 
PF17917.1	0	None
PF13456.6	0	None
PF00230.20	0	None
PF00230.20	0	None
PF00230.20	0	None
PF04752.12	0	None
PF04827.14	0	None
PF04827.14	0	None
PF00227.26	0	None
PF07727.14	0	None
PF13966.6	0	None
PF13456.6	0	None
PF14223.6	0	None
PF13976.6	0	None
PF00665.26	0	None
PF14244.6	0	None
PF14223.6	0	None
PF00421.19	0	None
PF00153.27	1	Protease, 
PF17921.1	0	None
PF00665.26	0	None
PF00665.26	0	None
PF00230.20	0	None
PF02326.15	0	None
PF04752.12	0	None
PF07727.14	0	None
PF07727.14	0	None
PF00098.23	0	None
PF13976.6	0	None
PF14244.6	0	None
PF00450.22	0	None
PF03732.17	1	Protease, 
PF13650.6	1	Protease, 
PF03078.15	0	None
PF00009.27	1	Kinase, 
PF02798.20	0	None
PF00043.25	0	None
PF02798.20	0	None
PF14223.6	0	None
PF00665.26	0	None
PF07727.14	0	None
PF14111.6	0	None
PF00078.27	0	None
PF05405.14	0	None
PF01277.17	0	None
PF09258.10	0	None
PF09258.10	0	None
PF09258.10	0	None
PF00282.19	0	None
PF03144.25	0	None
PF04195.12	0	None
PF00665.26	0	None
PF00043.25	0	None
PF00249.31	0	None
PF02721.14	0	None
PF03372.23	1	Signal, 
PF09258.10	0	None
PF09173.11	0	None
PF04833.15	0	None
PF00043.25	0	None
PF07727.14	0	None
PF02798.20	0	None
PF14223.6	0	None
PF07727.14	0	None
PF14111.6	0	None
PF14392.6	0	None
PF14111.6	0	None
PF13966.6	0	None
PF13456.6	0	None
PF02485.21	0	None
PF07859.13	0	None
PF00270.29	0	None
PF00271.31	0	None
PF07727.14	0	None
PF00139.19	0	None
PF00270.29	0	None
PF12776.7	0	None
PF00139.19	0	None
PF00069.25	1	Kinase, 
PF01472.20	1	Kinase, 
PF01189.17	0	None
PF01189.17	0	None
PF00643.24	0	None
PF05183.12	0	None
PF04640.14	0	None
PF05183.12	0	None
PF00407.19	0	None
PF02005.16	0	None
PF00407.19	0	None
PF02005.16	0	None
PF02005.16	0	None
PF02005.16	0	None
PF05699.14	0	None
PF12678.7	0	None
PF02005.16	0	None
PF02005.16	0	None
PF03214.13	0	None
PF00101.20	0	None
PF00238.19	0	None
PF12146.8	0	None
PF01535.20	0	None
PF01535.20	0	None
PF01535.20	0	None
PF14432.6	0	None
PF04720.12	0	None
PF00407.19	0	None
PF00407.19	0	None
PF03214.13	0	None
PF03214.13	0	None
PF00407.19	0	None
PF00407.19	0	None
PF00407.19	0	None
PF03214.13	0	None
PF12338.8	0	None
PF00101.20	0	None
PF12146.8	0	None
PF00407.19	0	None
PF05553.11	0	None
PF00400.32	0	None
PF13976.6	0	None
PF00665.26	0	None
PF14223.6	0	None
PF07727.14	0	None
PF00098.23	0	None
PF04935.12	0	None
PF06480.15	1	Protease, 
PF14214.6	0	None
PF14214.6	0	None
PF05970.14	0	None
PF07727.14	0	None
PF02854.19	0	None
PF02854.19	0	None
PF04050.14	1	Signal, 
PF07714.17	1	Kinase, 
PF07714.17	1	Kinase, 
PF13041.6	0	None
PF13456.6	0	None
PF05970.14	0	None
PF05970.14	0	None
PF07727.14	0	None
PF02854.19	0	None
PF05208.13	0	None
PF05208.13	0	None
PF00574.23	1	Protease, 
PF13839.6	3	Resistance, Signal, 
PF03639.13	0	None
PF17652.1	0	None
PF03639.13	0	None
PF17652.1	0	None
PF00078.27	0	None
PF17921.1	0	None
PF13966.6	0	None
PF15459.6	0	None
PF14214.6	0	None
PF02854.19	0	None
PF05208.13	0	None
PF05208.13	0	None
PF13456.6	0	None
PF00574.23	1	Protease, 
PF14416.6	0	None
PF13839.6	3	Resistance, Signal, 
PF13839.6	3	Resistance, Signal, 
PF14416.6	0	None
PF13839.6	3	Resistance, Signal, 
PF01536.16	0	None
PF02992.14	0	None
PF02992.14	0	None
PF13960.6	0	None
PF05553.11	0	None
PF10258.9	0	None
PF00566.18	0	None
PF08132.11	0	None
PF02671.21	0	None
PF13963.6	0	None
PF13962.6	0	None
PF03732.17	1	Protease, 
PF00566.18	0	None
PF00566.18	0	None
PF07716.15	0	None
PF13960.6	0	None
PF13962.6	0	None
PF12796.7	0	None
PF12796.7	0	None
PF13650.6	1	Protease, 
PF03732.17	1	Protease, 
PF00098.23	0	None
PF03732.17	1	Protease, 
PF00098.23	0	None
PF00078.27	0	None
PF17921.1	0	None
PF00665.26	0	None
PF00078.27	0	None
PF17917.1	0	None
PF02785.19	0	None
PF03732.17	1	Protease, 
PF14111.6	0	None
PF07047.12	0	None
PF00078.27	0	None
PF00078.27	0	None
PF13966.6	0	None
PF04195.12	0	None
PF03634.13	0	None
PF00078.27	0	None
PF07727.14	0	None
PF00642.24	0	None
PF00642.24	0	None
PF13976.6	0	None
PF00665.26	0	None
PF07727.14	0	None
PF13966.6	0	None
PF13456.6	0	None
PF17917.1	0	None
PF13456.6	0	None
PF17921.1	0	None
PF00665.26	0	None
PF07727.14	0	None
PF14009.6	0	None
PF14223.6	0	None
PF13976.6	0	None
PF00665.26	0	None
PF07727.14	0	None
PF02786.17	0	None
PF06839.12	0	None
PF16906.5	0	None
PF00467.29	0	None
PF03732.17	1	Protease, 
PF03393.16	0	None
PF07727.14	0	None
PF03101.15	3	Signal, WRKY, 
PF13976.6	0	None
PF14223.6	0	None
PF07727.14	0	None
PF14111.6	0	None
PF14111.6	0	None
PF14392.6	0	None
PF03732.17	1	Protease, 
PF13976.6	0	None
PF00289.22	0	None
PF00289.22	0	None
PF02786.17	0	None
PF14111.6	0	None
PF00078.27	0	None
PF00078.27	0	None
PF14244.6	0	None
PF07727.14	0	None
PF07522.14	0	None
PF00646.33	0	None
PF08387.10	0	None
PF02775.21	0	None
PF14111.6	0	None
PF04679.15	0	None
PF02776.18	0	None
PF00205.22	0	None
PF02775.21	0	None
PF14244.6	0	None
PF03732.17	1	Protease, 
PF00665.26	0	None
PF07727.14	0	None
PF07727.14	0	None
PF14392.6	0	None
PF00564.24	2	Signal, Kinase, 
PF03732.17	1	Protease, 
PF13976.6	0	None
PF00665.26	0	None
PF14223.6	0	None
PF00078.27	0	None
PF13966.6	0	None
PF01068.21	0	None
PF14380.6	1	Kinase, 
PF00069.25	1	Kinase, 
PF03108.15	0	None
PF10551.9	2	WRKY, 
PF04434.17	0	None
PF07727.14	0	None
PF00078.27	0	None
PF13966.6	0	None
PF07727.14	0	None
PF14580.6	0	None
PF04434.17	0	None
PF02365.15	0	None
PF17919.1	0	None
PF00078.27	0	None
PF17919.1	0	None
PF00454.27	2	Signal, Kinase, 
PF13456.6	0	None
PF13976.6	0	None
PF14580.6	0	None
PF14580.6	0	None
PF13365.6	1	Protease, 
PF10536.9	2	WRKY, 
PF17919.1	0	None
PF03732.17	1	Protease, 
PF13456.6	0	None
PF00665.26	0	None
PF03108.15	0	None
PF10551.9	2	WRKY, 
PF03078.15	0	None
PF03108.15	0	None
PF02365.15	0	None
PF00163.19	0	None
PF01479.25	0	None
PF03732.17	1	Protease, 
PF17917.1	0	None
PF17921.1	0	None
PF00665.26	0	None
PF17921.1	0	None
PF00665.26	0	None
PF17919.1	0	None
PF13456.6	0	None
PF00665.26	0	None
PF07727.14	0	None
PF17919.1	0	None
PF13456.6	0	None
PF13976.6	0	None
PF00078.27	0	None
PF14381.6	5	Resistance, Cell death, Signal, Kinase, 
PF14381.6	5	Resistance, Cell death, Signal, Kinase, 
PF13966.6	0	None
PF00248.21	0	None
PF03732.17	1	Protease, 
PF17919.1	0	None
PF07727.14	0	None
PF14244.6	0	None
PF04195.12	0	None
PF14223.6	0	None
PF07727.14	0	None
PF07727.14	0	None
PF13966.6	0	None
PF14291.6	0	None
PF05699.14	0	None
PF07714.17	1	Kinase, 
PF14244.6	0	None
PF14223.6	0	None
PF13976.6	0	None
PF00665.26	0	None
PF07727.14	0	None
PF07714.17	1	Kinase, 
PF14223.6	0	None
PF05608.12	0	None
PF01694.22	1	Protease, 
PF03078.15	0	None
PF00078.27	0	None
PF00665.26	0	None
PF00078.27	0	None
PF17919.1	0	None
PF17921.1	0	None
PF14244.6	0	None
PF00665.26	0	None
PF00665.26	0	None
PF07727.14	0	None
PF00665.26	0	None
PF14291.6	0	None
PF06799.11	0	None
PF05608.12	0	None
PF07795.11	0	None
PF00078.27	0	None
PF17917.1	0	None
PF17921.1	0	None
PF00078.27	0	None
PF13966.6	0	None
PF13456.6	0	None
PF13456.6	0	None
PF00665.26	0	None
PF13405.6	1	Kinase, 
PF00415.18	0	None
PF07575.13	0	None
PF07575.13	0	None
PF01490.18	2	Resistance, 
PF07575.13	0	None
PF02485.21	0	None
PF05664.11	0	None
PF05664.11	0	None
PF14244.6	0	None
PF13976.6	0	None
PF07727.14	0	None
PF05664.11	0	None
PF00665.26	0	None
PF07727.14	0	None
PF00665.26	0	None
PF07727.14	0	None
PF00665.26	0	None
PF07727.14	0	None
PF07727.14	0	None
PF07727.14	0	None
PF05695.12	0	None
PF05695.12	0	None
PF05695.12	0	None
PF05695.12	0	None
PF00078.27	0	None
PF17917.1	0	None
PF00665.26	0	None
PF03732.17	1	Protease, 
PF00098.23	0	None
PF08284.11	1	Protease, 
PF00078.27	0	None
PF07727.14	0	None
PF07727.14	0	None
PF02365.15	0	None
PF04827.14	0	None
PF04827.14	0	None
PF05695.12	0	None
PF05695.12	0	None
PF05695.12	0	None
PF05695.12	0	None
PF05695.12	0	None
PF00940.19	0	None
PF00940.19	0	None
PF03514.14	1	Signal, 
PF00665.26	0	None
PF02365.15	0	None
PF04827.14	0	None
PF02535.22	0	None
PF02535.22	0	None
PF13359.6	0	None
PF14223.6	0	None
PF05695.12	0	None
PF05695.12	0	None
PF05695.12	0	None
PF05695.12	0	None
PF05695.12	0	None
PF05695.12	0	None
PF03732.17	1	Protease, 
PF00385.24	0	None
PF00940.19	0	None
PF00940.19	0	None
PF00940.19	0	None
PF13961.6	0	None
PF14223.6	0	None
PF13976.6	0	None
PF07727.14	0	None
PF07727.14	0	None
PF07727.14	0	None
PF00078.27	0	None
PF01762.21	0	None
PF00850.19	0	None
PF03732.17	1	Protease, 
PF17921.1	0	None
PF13599.6	0	None
PF14392.6	0	None
PF02784.16	0	None
PF00278.22	0	None
PF17919.1	0	None
PF00098.23	0	None
PF00078.27	0	None
PF00203.21	0	None
PF01095.19	0	None
PF00752.17	0	None
PF00752.17	0	None
PF14377.6	0	None
PF17919.1	0	None
PF07727.14	0	None
PF02784.16	0	None
PF00078.27	0	None
PF13456.6	0	None
PF17921.1	0	None
PF00665.26	0	None
PF13966.6	0	None
PF13456.6	0	None
PF00237.19	2	Resistance, 
PF14111.6	0	None
PF13650.6	1	Protease, 
PF00078.27	0	None
PF00385.24	0	None
PF14223.6	0	None
PF14111.6	0	None
PF00166.21	0	None
PF13976.6	0	None
PF00665.26	0	None
PF03641.14	0	None
PF03641.14	0	None
PF14111.6	0	None
PF00168.30	1	Kinase, 
PF01095.19	0	None
PF01095.19	0	None
PF00867.18	0	None
PF14416.6	0	None
PF13839.6	3	Resistance, Signal, 
PF13839.6	3	Resistance, Signal, 
PF14111.6	0	None
PF00400.32	0	None
PF17921.1	0	None
PF03108.15	0	None
PF00190.22	0	None
PF08263.12	0	None
PF00069.25	1	Kinase, 
PF13456.6	0	None
PF00078.27	0	None
PF04434.17	0	None
PF03478.18	0	None
PF03478.18	0	None
PF10551.9	2	WRKY, 
PF13976.6	0	None
PF07727.14	0	None
PF14111.6	0	None
PF13966.6	0	None
PF07727.14	0	None
PF00078.27	0	None
PF00025.21	0	None
PF00069.25	1	Kinase, 
PF00078.27	0	None
PF07727.14	0	None
PF13976.6	0	None
PF00665.26	0	None
PF07727.14	0	None
PF12274.8	0	None
PF13456.6	0	None
PF07727.14	0	None
PF07727.14	0	None
PF14223.6	0	None
PF05918.11	2	Apoptosis, Cell death, 
PF01657.17	1	Kinase, 
PF01657.17	1	Kinase, 
PF14500.6	0	None
PF07727.14	0	None
PF00069.25	1	Kinase, 
PF07714.17	1	Kinase, 
PF07714.17	1	Kinase, 
PF04928.17	0	None
PF04926.15	0	None
PF00078.27	0	None
PF00349.21	1	Kinase, 
PF00349.21	1	Kinase, 
PF03727.16	1	Kinase, 
PF03727.16	1	Kinase, 
PF14111.6	0	None
PF04928.17	0	None
PF04928.17	0	None
PF04926.15	0	None
PF03727.16	1	Kinase, 
PF03727.16	1	Kinase, 
PF03727.16	1	Kinase, 
PF03727.16	1	Kinase, 
PF00349.21	1	Kinase, 
PF03727.16	1	Kinase, 
PF14226.6	0	None
PF04827.14	0	None
PF07727.14	0	None
PF00078.27	0	None
PF13456.6	0	None
PF03171.20	0	None
PF07727.14	0	None
PF07727.14	0	None
PF04195.12	0	None
PF02309.16	0	None
PF07727.14	0	None
PF14223.6	0	None
PF07727.14	0	None
PF14416.6	0	None
